2026-02-07 17:26:48.250 INFO  [main] org.slkxy.Writer - Welcome to the Auto Push.
2026-02-07 17:26:48.293 INFO  [main] org.slkxy.Writer - EXEC====== [git, version]
2026-02-07 17:26:48.325 INFO  [main] org.slkxy.Writer - ========== git version 2.52.0.windows.1
2026-02-07 17:26:48.340 INFO  [main] org.slkxy.Writer - EXEC====== [gh, auth, status]
2026-02-07 17:26:49.031 INFO  [main] org.slkxy.Writer - ========== github.com
2026-02-07 17:26:49.044 INFO  [main] org.slkxy.Writer - ==========   âœ? Logged in to github.com account slkxyo (keyring)
2026-02-07 17:26:49.057 INFO  [main] org.slkxy.Writer - ==========   - Active account: true
2026-02-07 17:26:49.069 INFO  [main] org.slkxy.Writer - ==========   - Git operations protocol: ssh
2026-02-07 17:26:49.083 INFO  [main] org.slkxy.Writer - ==========   - Token: gho_************************************
2026-02-07 17:26:49.093 INFO  [main] org.slkxy.Writer - ==========   - Token scopes: 'delete_repo', 'gist', 'read:org', 'repo'
2026-02-07 17:26:49.104 INFO  [main] org.slkxy.Writer - Git and Github CLI is ready.
2026-02-07 17:26:49.118 INFO  [main] org.slkxy.Writer - EXEC====== [git, status]
2026-02-07 17:26:49.176 INFO  [main] org.slkxy.Writer - ========== On branch main
2026-02-07 17:26:49.186 INFO  [main] org.slkxy.Writer - ========== Your branch is up to date with 'origin/main'.
2026-02-07 17:26:49.197 INFO  [main] org.slkxy.Writer - ========== 
2026-02-07 17:26:49.210 INFO  [main] org.slkxy.Writer - ========== Changes not staged for commit:
2026-02-07 17:26:49.226 INFO  [main] org.slkxy.Writer - ==========   (use "git add <file>..." to update what will be committed)
2026-02-07 17:26:49.236 INFO  [main] org.slkxy.Writer - ==========   (use "git restore <file>..." to discard changes in working directory)
2026-02-07 17:26:49.246 INFO  [main] org.slkxy.Writer - ========== 	modified:   AutoPush.jar
2026-02-07 17:26:49.256 INFO  [main] org.slkxy.Writer - ========== 	modified:   README.md
2026-02-07 17:26:49.266 INFO  [main] org.slkxy.Writer - ========== 	modified:   src/main/java/org/slkxy/Main.java
2026-02-07 17:26:49.276 INFO  [main] org.slkxy.Writer - ========== 
2026-02-07 17:26:49.286 INFO  [main] org.slkxy.Writer - ========== Untracked files:
2026-02-07 17:26:49.296 INFO  [main] org.slkxy.Writer - ==========   (use "git add <file>..." to include in what will be committed)
2026-02-07 17:26:49.305 INFO  [main] org.slkxy.Writer - ========== 	docs/
2026-02-07 17:26:49.316 INFO  [main] org.slkxy.Writer - ========== 
2026-02-07 17:26:49.325 INFO  [main] org.slkxy.Writer - ========== no changes added to commit (use "git add" and/or "git commit -a")
2026-02-07 17:26:49.339 INFO  [main] org.slkxy.Writer - EXEC====== [git, remote]
2026-02-07 17:26:49.379 INFO  [main] org.slkxy.Writer - ========== origin
2026-02-07 17:26:49.392 INFO  [main] org.slkxy.Writer - EXEC====== [git, pull]
